<?xml version="1.0" encoding="UTF-8"?>
<testsuite xmlns:xsi="http://www.w3.org/2001/XMLSchema-instance" xsi:noNamespaceSchemaLocation="https://maven.apache.org/surefire/maven-surefire-plugin/xsd/surefire-test-report.xsd" name="stepDefinition.TestRunner" time="0.499" tests="4" errors="0" skipped="0" failures="0">
  <properties>
[...]
</properties>
  <testcase name="user logged in" classname="User landed on home page and click on profile" time="0.003"/>
  <testcase name="click profile tab" classname="User landed on home page and click on profile" time="0.002"/>
  <testcase name="profile tab is opened" classname="User landed on home page and click on profile" time="0.003"/>
  <testcase name="User landed on home page and click on profile" classname="User landed on home page and click on profile" time="0.01"/>
</testsuite>